<?xml version="1.0" encoding="UTF-8"?>
<!-- Generated by org.testng.reporters.JUnitReportReporter -->
<testsuite skipped="0" hostname="idea-PC" name="com.hrm.qa.testcases.LoginPageTest" tests="9" failures="0" timestamp="01 Mar 2018 19:03:26 GMT" time="291.792" errors="0">
  <testcase name="loginPageTitleTest" time="25.244" classname="com.hrm.qa.testcases.LoginPageTest"/>
  <testcase name="validateCredentialsLabelTest" time="21.761" classname="com.hrm.qa.testcases.LoginPageTest"/>
  <testcase name="validateOrangehrmImageTest" time="43.868" classname="com.hrm.qa.testcases.LoginPageTest"/>
  <testcase name="loginTest" time="35.893" classname="com.hrm.qa.testcases.LoginPageTest"/>
  <testcase name="validateUsernameButtonTest" time="17.019" classname="com.hrm.qa.testcases.LoginPageTest"/>
  <testcase name="validatePasswordButtonTest" time="24.119" classname="com.hrm.qa.testcases.LoginPageTest"/>
  <testcase name="validateloginButtonTest" time="31.276" classname="com.hrm.qa.testcases.LoginPageTest"/>
  <testcase name="validateErrorMessageTest" time="33.845" classname="com.hrm.qa.testcases.LoginPageTest"/>
  <testcase name="loginFunctionTest" time="58.767" classname="com.hrm.qa.testcases.LoginPageTest"/>
</testsuite> <!-- com.hrm.qa.testcases.LoginPageTest -->
