<?xml version="1.0" encoding="UTF-8"?>
<!-- Generated by org.testng.reporters.JUnitReportReporter -->
<testsuite skipped="0" hostname="idea-PC" name="com.hrm.qa.testcases.HomePageTest" tests="7" failures="0" timestamp="27 Feb 2018 17:55:04 GMT" time="86.522" errors="0">
  <testcase name="validatedWelcomAdminButtonDisplay1Test" time="10.254" classname="com.hrm.qa.testcases.HomePageTest"/>
  <testcase name="validateWelcomAdminButtonEnableTest" time="16.933" classname="com.hrm.qa.testcases.HomePageTest"/>
  <testcase name="validateAboutLinkButtonDisplayTest" time="13.483" classname="com.hrm.qa.testcases.HomePageTest"/>
  <testcase name="validateAboutLinkButtonEnableTest" time="10.774" classname="com.hrm.qa.testcases.HomePageTest"/>
  <testcase name="validatedLogoutButtonDisplayTest" time="10.406" classname="com.hrm.qa.testcases.HomePageTest"/>
  <testcase name="validatedLogoutButtonEnableTest" time="11.457" classname="com.hrm.qa.testcases.HomePageTest"/>
  <testcase name="validateAdminButtonTest" time="13.215" classname="com.hrm.qa.testcases.HomePageTest"/>
</testsuite> <!-- com.hrm.qa.testcases.HomePageTest -->
