<?xml version="1.0" encoding="UTF-8"?>
<!-- Generated by org.testng.reporters.JUnitReportReporter -->
<testsuite skipped="0" hostname="idea-PC" name="com.hrm.qa.testcases.HomePageTest" tests="7" failures="0" timestamp="01 Mar 2018 19:03:27 GMT" time="197.865" errors="0">
  <testcase name="validatedWelcomAdminButtonDisplay1Test" time="17.953" classname="com.hrm.qa.testcases.HomePageTest"/>
  <testcase name="validateWelcomAdminButtonEnableTest" time="23.354" classname="com.hrm.qa.testcases.HomePageTest"/>
  <testcase name="validateAboutLinkButtonDisplayTest" time="29.244" classname="com.hrm.qa.testcases.HomePageTest"/>
  <testcase name="validateAboutLinkButtonEnableTest" time="25.339" classname="com.hrm.qa.testcases.HomePageTest"/>
  <testcase name="validatedLogoutButtonDisplayTest" time="16.519" classname="com.hrm.qa.testcases.HomePageTest"/>
  <testcase name="validatedLogoutButtonEnableTest" time="50.298" classname="com.hrm.qa.testcases.HomePageTest"/>
  <testcase name="validateAdminButtonTest" time="35.158" classname="com.hrm.qa.testcases.HomePageTest"/>
</testsuite> <!-- com.hrm.qa.testcases.HomePageTest -->
